2025-02-20 04:38:12,211 - ERROR - Form data requires "python-multipart" to be installed. 
You can install "python-multipart" with: 

pip install python-multipart

2025-02-20 04:40:13,656 - INFO - Running Ghostscript: gs -sDEVICE=pdfwrite -dCompatibilityLevel=1.4 -dPDFSETTINGS=/ebook -dNOPAUSE -dQUIET -dBATCH -sOutputFile=/home/danielv/pdf-compressor/processed/compressed_20250220_044013_situationalawareness.ebookpdf /home/danielv/pdf-compressor/uploads/20250220_044013_situationalawareness.pdf
2025-02-20 04:40:18,140 - INFO - Ghostscript output met /ebook = 3120845 bytes
2025-02-20 04:40:30,282 - INFO - Running Ghostscript: gs -sDEVICE=pdfwrite -dCompatibilityLevel=1.4 -dPDFSETTINGS=/ebook -dNOPAUSE -dQUIET -dBATCH -sOutputFile=/home/danielv/pdf-compressor/processed/compressed_20250220_044030_DSM-5.ebookpdf /home/danielv/pdf-compressor/uploads/20250220_044030_DSM-5.pdf
2025-02-20 04:41:56,548 - INFO - Ghostscript output met /ebook = 68100535 bytes
2025-02-20 04:41:56,548 - INFO - Running Ghostscript: gs -sDEVICE=pdfwrite -dCompatibilityLevel=1.4 -dPDFSETTINGS=/screen -dNOPAUSE -dQUIET -dBATCH -sOutputFile=/home/danielv/pdf-compressor/processed/compressed_20250220_044030_DSM-5.screenpdf /home/danielv/pdf-compressor/uploads/20250220_044030_DSM-5.pdf
2025-02-20 04:43:19,545 - INFO - Ghostscript output met /screen = 68109239 bytes
2025-02-20 04:46:55,193 - INFO - Running Ghostscript: gs -sDEVICE=pdfwrite -dCompatibilityLevel=1.4 -dPDFSETTINGS=/ebook -dNOPAUSE -dQUIET -dBATCH -sOutputFile=/home/danielv/pdf-compressor/processed/compressed_20250220_044655_AI_Bundel.ebookpdf /home/danielv/pdf-compressor/uploads/20250220_044655_AI_Bundel.pdf
2025-02-20 04:47:07,630 - INFO - Ghostscript output met /ebook = 16063659 bytes
2025-02-20 04:47:07,631 - INFO - Running Ghostscript: gs -sDEVICE=pdfwrite -dCompatibilityLevel=1.4 -dPDFSETTINGS=/screen -dNOPAUSE -dQUIET -dBATCH -sOutputFile=/home/danielv/pdf-compressor/processed/compressed_20250220_044655_AI_Bundel.screenpdf /home/danielv/pdf-compressor/uploads/20250220_044655_AI_Bundel.pdf
2025-02-20 04:47:24,302 - INFO - Ghostscript output met /screen = 15556095 bytes
2025-02-20 04:55:05,648 - INFO - PDF-analyse: {'total_pages': 165, 'total_text': 309490, 'image_count': 40}
2025-02-20 04:55:05,648 - INFO - Kies agressieve optimalisatie (image-heavy of gemengd document).
2025-02-20 04:55:05,648 - INFO - Running Ghostscript: gs -sDEVICE=pdfwrite -dCompatibilityLevel=1.4 -dPDFSETTINGS=/screen -dColorImageDownsampleType=/Bicubic -dColorImageResolution=72 -dGrayImageDownsampleType=/Bicubic -dGrayImageResolution=72 -dMonoImageDownsampleType=/Subsample -dMonoImageResolution=72 -dNOPAUSE -dQUIET -dBATCH -sOutputFile=/home/danielv/pdf-compressor/processed/compressed_20250220_045505_situationalawareness.agg.pdf /home/danielv/pdf-compressor/uploads/20250220_045505_situationalawareness.pdf
2025-02-20 04:55:09,104 - INFO - Agressieve optimalisatie resultaat: 1446528 bytes
2025-02-20 04:55:09,104 - INFO - Running Ghostscript: gs -sDEVICE=pdfwrite -dCompatibilityLevel=1.4 -dPDFSETTINGS=/ebook -dColorImageDownsampleType=/Bicubic -dColorImageResolution=72 -dGrayImageDownsampleType=/Bicubic -dGrayImageResolution=72 -dMonoImageDownsampleType=/Subsample -dMonoImageResolution=72 -dNOPAUSE -dQUIET -dBATCH -sOutputFile=/home/danielv/pdf-compressor/processed/compressed_20250220_045505_situationalawareness.std.std.pdf /home/danielv/pdf-compressor/uploads/20250220_045505_situationalawareness.pdf
2025-02-20 04:55:12,516 - INFO - Standaard optimalisatie resultaat: 1445069 bytes
2025-02-20 04:55:12,516 - INFO - Running Ghostscript: gs -sDEVICE=pdfwrite -dCompatibilityLevel=1.4 -dPDFSETTINGS=/screen -dColorImageDownsampleType=/Bicubic -dColorImageResolution=72 -dGrayImageDownsampleType=/Bicubic -dGrayImageResolution=72 -dMonoImageDownsampleType=/Subsample -dMonoImageResolution=72 -dNOPAUSE -dQUIET -dBATCH -sOutputFile=/home/danielv/pdf-compressor/processed/compressed_20250220_045505_situationalawareness.agg.agg.pdf /home/danielv/pdf-compressor/uploads/20250220_045505_situationalawareness.pdf
2025-02-20 04:55:15,975 - INFO - Agressieve optimalisatie resultaat: 1446528 bytes
2025-02-20 04:55:34,349 - INFO - PDF-analyse: {'total_pages': 970, 'total_text': 3150818, 'image_count': 970}
2025-02-20 04:55:34,349 - INFO - Kies agressieve optimalisatie (image-heavy of gemengd document).
2025-02-20 04:55:34,349 - INFO - Running Ghostscript: gs -sDEVICE=pdfwrite -dCompatibilityLevel=1.4 -dPDFSETTINGS=/screen -dColorImageDownsampleType=/Bicubic -dColorImageResolution=72 -dGrayImageDownsampleType=/Bicubic -dGrayImageResolution=72 -dMonoImageDownsampleType=/Subsample -dMonoImageResolution=72 -dNOPAUSE -dQUIET -dBATCH -sOutputFile=/home/danielv/pdf-compressor/processed/compressed_20250220_045533_DSM-5.agg.pdf /home/danielv/pdf-compressor/uploads/20250220_045533_DSM-5.pdf
2025-02-20 04:56:46,044 - INFO - Agressieve optimalisatie resultaat: 26788545 bytes
2025-02-20 04:56:46,044 - INFO - Running Ghostscript: gs -sDEVICE=pdfwrite -dCompatibilityLevel=1.4 -dPDFSETTINGS=/ebook -dColorImageDownsampleType=/Bicubic -dColorImageResolution=72 -dGrayImageDownsampleType=/Bicubic -dGrayImageResolution=72 -dMonoImageDownsampleType=/Subsample -dMonoImageResolution=72 -dNOPAUSE -dQUIET -dBATCH -sOutputFile=/home/danielv/pdf-compressor/processed/compressed_20250220_045533_DSM-5.std.std.pdf /home/danielv/pdf-compressor/uploads/20250220_045533_DSM-5.pdf
2025-02-20 04:57:58,578 - INFO - Standaard optimalisatie resultaat: 26779841 bytes
2025-02-20 04:57:58,579 - INFO - Running Ghostscript: gs -sDEVICE=pdfwrite -dCompatibilityLevel=1.4 -dPDFSETTINGS=/screen -dColorImageDownsampleType=/Bicubic -dColorImageResolution=72 -dGrayImageDownsampleType=/Bicubic -dGrayImageResolution=72 -dMonoImageDownsampleType=/Subsample -dMonoImageResolution=72 -dNOPAUSE -dQUIET -dBATCH -sOutputFile=/home/danielv/pdf-compressor/processed/compressed_20250220_045533_DSM-5.agg.agg.pdf /home/danielv/pdf-compressor/uploads/20250220_045533_DSM-5.pdf
2025-02-20 04:59:10,170 - INFO - Agressieve optimalisatie resultaat: 26788545 bytes
2025-02-20 04:59:50,329 - INFO - PDF-analyse: {'total_pages': 639, 'total_text': 1077374, 'image_count': 193}
2025-02-20 04:59:50,329 - INFO - Kies agressieve optimalisatie (image-heavy of gemengd document).
2025-02-20 04:59:50,329 - INFO - Running Ghostscript: gs -sDEVICE=pdfwrite -dCompatibilityLevel=1.4 -dPDFSETTINGS=/screen -dColorImageDownsampleType=/Bicubic -dColorImageResolution=72 -dGrayImageDownsampleType=/Bicubic -dGrayImageResolution=72 -dMonoImageDownsampleType=/Subsample -dMonoImageResolution=72 -dNOPAUSE -dQUIET -dBATCH -sOutputFile=/home/danielv/pdf-compressor/processed/compressed_20250220_045949_Software requirements_ practical techniques for gathering and managing requirements throughout the product development cycle, 2nd Edition.agg.pdf /home/danielv/pdf-compressor/uploads/20250220_045949_Software requirements_ practical techniques for gathering and managing requirements throughout the product development cycle, 2nd Edition.pdf
2025-02-20 04:59:58,812 - INFO - Agressieve optimalisatie resultaat: 5906961 bytes
2025-02-20 04:59:58,812 - INFO - Running Ghostscript: gs -sDEVICE=pdfwrite -dCompatibilityLevel=1.4 -dPDFSETTINGS=/ebook -dColorImageDownsampleType=/Bicubic -dColorImageResolution=72 -dGrayImageDownsampleType=/Bicubic -dGrayImageResolution=72 -dMonoImageDownsampleType=/Subsample -dMonoImageResolution=72 -dNOPAUSE -dQUIET -dBATCH -sOutputFile=/home/danielv/pdf-compressor/processed/compressed_20250220_045949_Software requirements_ practical techniques for gathering and managing requirements throughout the product development cycle, 2nd Edition.std.std.pdf /home/danielv/pdf-compressor/uploads/20250220_045949_Software requirements_ practical techniques for gathering and managing requirements throughout the product development cycle, 2nd Edition.pdf
2025-02-20 05:00:06,251 - INFO - Standaard optimalisatie resultaat: 5901227 bytes
2025-02-20 05:00:06,251 - INFO - Running Ghostscript: gs -sDEVICE=pdfwrite -dCompatibilityLevel=1.4 -dPDFSETTINGS=/screen -dColorImageDownsampleType=/Bicubic -dColorImageResolution=72 -dGrayImageDownsampleType=/Bicubic -dGrayImageResolution=72 -dMonoImageDownsampleType=/Subsample -dMonoImageResolution=72 -dNOPAUSE -dQUIET -dBATCH -sOutputFile=/home/danielv/pdf-compressor/processed/compressed_20250220_045949_Software requirements_ practical techniques for gathering and managing requirements throughout the product development cycle, 2nd Edition.agg.agg.pdf /home/danielv/pdf-compressor/uploads/20250220_045949_Software requirements_ practical techniques for gathering and managing requirements throughout the product development cycle, 2nd Edition.pdf
2025-02-20 05:00:13,246 - INFO - Agressieve optimalisatie resultaat: 5906961 bytes
